<?xml version="1.0" encoding="UTF-8"?>
<!-- Generated by org.testng.reporters.JUnitReportReporter -->
<testsuite hostname="Oracle" failures="0" tests="1" name="Testlocal" time="3.459" errors="0" timestamp="2021-09-21T11:55:26 IST" skipped="0">
  <testcase classname="Testlocal" name="TC_get02" time="3.459"/>
  <system-out/>
</testsuite> <!-- Testlocal -->
