<?xml version="1.0" encoding="UTF-8"?>
<!-- Generated by org.testng.reporters.JUnitReportReporter -->
<testsuite hostname="Oracle" failures="0" tests="1" name="Testget" time="2.895" errors="0" timestamp="2021-09-21T00:18:45 IST" skipped="0">
  <testcase classname="Testget" name="TC01" time="2.895"/>
  <system-out/>
</testsuite> <!-- Testget -->
