<?xml version="1.0" encoding="UTF-8"?>
<!-- Generated by org.testng.reporters.JUnitReportReporter -->
<testsuite hostname="Oracle" failures="0" tests="1" name="TC_get" time="5.318" errors="0" timestamp="2021-09-24T14:39:36 IST" skipped="0">
  <testcase classname="TC_get" name="tc_05" time="5.318"/>
  <system-out/>
</testsuite> <!-- TC_get -->
