<?xml version="1.0" encoding="UTF-8"?>
<!-- Generated by org.testng.reporters.JUnitReportReporter -->
<testsuite skipped="0" hostname="Siddharths-MacBook-Air.local" name="TC_get" tests="1" failures="0" timestamp="2021-10-25T13:55:35 IST" time="3.715" errors="0">
  <testcase name="tc_05" time="3.715" classname="TC_get"/>
  <system-out/>
</testsuite> <!-- TC_get -->
