<?xml version="1.0" encoding="UTF-8"?>
<!-- Generated by org.testng.reporters.JUnitReportReporter -->
<testsuite hostname="Oracle" failures="0" tests="5" name="Testlocal" time="6.490" errors="0" timestamp="2021-09-21T01:26:00 IST" skipped="0">
  <testcase classname="Testlocal" name="TC_get02" time="5.744"/>
  <system-out/>
  <testcase classname="Testlocal" name="TC_patch04" time="0.391"/>
  <system-out/>
  <testcase classname="Testlocal" name="TC_patch05" time="0.083"/>
  <system-out/>
  <testcase classname="Testlocal" name="TC_put03" time="0.135"/>
  <system-out/>
  <testcase classname="Testlocal" name="TC_post01" time="0.137"/>
  <system-out/>
</testsuite> <!-- Testlocal -->
